0 info it worked if it ends with ok
1 verbose cli [ 'node', '/usr/local/bin/npm', 'install' ]
2 info using npm@1.4.28
3 info using node@v0.10.34
4 warn package.json todo@1.0.0 No repository field.
5 warn package.json todo@1.0.0 No README data
6 verbose readDependencies using package.json deps
7 verbose install where, deps [ '/Users/ariel-ianfajardo/Documents/ionic/tutorials/todo',
7 verbose install   [ 'gulp',
7 verbose install     'gulp-sass',
7 verbose install     'gulp-concat',
7 verbose install     'gulp-minify-css',
7 verbose install     'gulp-rename',
7 verbose install     'bower',
7 verbose install     'gulp-util',
7 verbose install     'shelljs' ] ]
8 info preinstall todo@1.0.0
9 verbose readDependencies using package.json deps
10 verbose cache add [ 'gulp@^3.5.6', null ]
11 verbose cache add name=undefined spec="gulp@^3.5.6" args=["gulp@^3.5.6",null]
12 verbose parsed url { protocol: null,
12 verbose parsed url   slashes: null,
12 verbose parsed url   auth: null,
12 verbose parsed url   host: null,
12 verbose parsed url   port: null,
12 verbose parsed url   hostname: null,
12 verbose parsed url   hash: null,
12 verbose parsed url   search: null,
12 verbose parsed url   query: null,
12 verbose parsed url   pathname: 'gulp@^3.5.6',
12 verbose parsed url   path: 'gulp@^3.5.6',
12 verbose parsed url   href: 'gulp@^3.5.6' }
13 verbose cache add [ 'gulp-sass@^0.7.1', null ]
14 verbose cache add name=undefined spec="gulp-sass@^0.7.1" args=["gulp-sass@^0.7.1",null]
15 verbose parsed url { protocol: null,
15 verbose parsed url   slashes: null,
15 verbose parsed url   auth: null,
15 verbose parsed url   host: null,
15 verbose parsed url   port: null,
15 verbose parsed url   hostname: null,
15 verbose parsed url   hash: null,
15 verbose parsed url   search: null,
15 verbose parsed url   query: null,
15 verbose parsed url   pathname: 'gulp-sass@^0.7.1',
15 verbose parsed url   path: 'gulp-sass@^0.7.1',
15 verbose parsed url   href: 'gulp-sass@^0.7.1' }
16 verbose cache add [ 'gulp-concat@^2.2.0', null ]
17 verbose cache add name=undefined spec="gulp-concat@^2.2.0" args=["gulp-concat@^2.2.0",null]
18 verbose parsed url { protocol: null,
18 verbose parsed url   slashes: null,
18 verbose parsed url   auth: null,
18 verbose parsed url   host: null,
18 verbose parsed url   port: null,
18 verbose parsed url   hostname: null,
18 verbose parsed url   hash: null,
18 verbose parsed url   search: null,
18 verbose parsed url   query: null,
18 verbose parsed url   pathname: 'gulp-concat@^2.2.0',
18 verbose parsed url   path: 'gulp-concat@^2.2.0',
18 verbose parsed url   href: 'gulp-concat@^2.2.0' }
19 verbose cache add [ 'gulp-minify-css@^0.3.0', null ]
20 verbose cache add name=undefined spec="gulp-minify-css@^0.3.0" args=["gulp-minify-css@^0.3.0",null]
21 verbose parsed url { protocol: null,
21 verbose parsed url   slashes: null,
21 verbose parsed url   auth: null,
21 verbose parsed url   host: null,
21 verbose parsed url   port: null,
21 verbose parsed url   hostname: null,
21 verbose parsed url   hash: null,
21 verbose parsed url   search: null,
21 verbose parsed url   query: null,
21 verbose parsed url   pathname: 'gulp-minify-css@^0.3.0',
21 verbose parsed url   path: 'gulp-minify-css@^0.3.0',
21 verbose parsed url   href: 'gulp-minify-css@^0.3.0' }
22 verbose cache add name="gulp" spec="^3.5.6" args=["gulp","^3.5.6"]
23 verbose parsed url { protocol: null,
23 verbose parsed url   slashes: null,
23 verbose parsed url   auth: null,
23 verbose parsed url   host: null,
23 verbose parsed url   port: null,
23 verbose parsed url   hostname: null,
23 verbose parsed url   hash: null,
23 verbose parsed url   search: null,
23 verbose parsed url   query: null,
23 verbose parsed url   pathname: '^3.5.6',
23 verbose parsed url   path: '^3.5.6',
23 verbose parsed url   href: '^3.5.6' }
24 verbose addNamed [ 'gulp', '^3.5.6' ]
25 verbose addNamed [ null, '>=3.5.6-0 <4.0.0-0' ]
26 verbose cache add name="gulp-sass" spec="^0.7.1" args=["gulp-sass","^0.7.1"]
27 verbose parsed url { protocol: null,
27 verbose parsed url   slashes: null,
27 verbose parsed url   auth: null,
27 verbose parsed url   host: null,
27 verbose parsed url   port: null,
27 verbose parsed url   hostname: null,
27 verbose parsed url   hash: null,
27 verbose parsed url   search: null,
27 verbose parsed url   query: null,
27 verbose parsed url   pathname: '^0.7.1',
27 verbose parsed url   path: '^0.7.1',
27 verbose parsed url   href: '^0.7.1' }
28 verbose addNamed [ 'gulp-sass', '^0.7.1' ]
29 verbose addNamed [ null, '>=0.7.1-0 <0.8.0-0' ]
30 verbose cache add name="gulp-concat" spec="^2.2.0" args=["gulp-concat","^2.2.0"]
31 verbose parsed url { protocol: null,
31 verbose parsed url   slashes: null,
31 verbose parsed url   auth: null,
31 verbose parsed url   host: null,
31 verbose parsed url   port: null,
31 verbose parsed url   hostname: null,
31 verbose parsed url   hash: null,
31 verbose parsed url   search: null,
31 verbose parsed url   query: null,
31 verbose parsed url   pathname: '^2.2.0',
31 verbose parsed url   path: '^2.2.0',
31 verbose parsed url   href: '^2.2.0' }
32 verbose addNamed [ 'gulp-concat', '^2.2.0' ]
33 verbose addNamed [ null, '>=2.2.0-0 <3.0.0-0' ]
34 verbose cache add name="gulp-minify-css" spec="^0.3.0" args=["gulp-minify-css","^0.3.0"]
35 verbose parsed url { protocol: null,
35 verbose parsed url   slashes: null,
35 verbose parsed url   auth: null,
35 verbose parsed url   host: null,
35 verbose parsed url   port: null,
35 verbose parsed url   hostname: null,
35 verbose parsed url   hash: null,
35 verbose parsed url   search: null,
35 verbose parsed url   query: null,
35 verbose parsed url   pathname: '^0.3.0',
35 verbose parsed url   path: '^0.3.0',
35 verbose parsed url   href: '^0.3.0' }
36 verbose addNamed [ 'gulp-minify-css', '^0.3.0' ]
37 verbose addNamed [ null, '>=0.3.0-0 <0.4.0-0' ]
38 verbose cache add [ 'gulp-rename@^1.2.0', null ]
39 verbose cache add name=undefined spec="gulp-rename@^1.2.0" args=["gulp-rename@^1.2.0",null]
40 verbose parsed url { protocol: null,
40 verbose parsed url   slashes: null,
40 verbose parsed url   auth: null,
40 verbose parsed url   host: null,
40 verbose parsed url   port: null,
40 verbose parsed url   hostname: null,
40 verbose parsed url   hash: null,
40 verbose parsed url   search: null,
40 verbose parsed url   query: null,
40 verbose parsed url   pathname: 'gulp-rename@^1.2.0',
40 verbose parsed url   path: 'gulp-rename@^1.2.0',
40 verbose parsed url   href: 'gulp-rename@^1.2.0' }
41 verbose cache add [ 'bower@^1.3.3', null ]
42 verbose cache add name=undefined spec="bower@^1.3.3" args=["bower@^1.3.3",null]
43 verbose parsed url { protocol: null,
43 verbose parsed url   slashes: null,
43 verbose parsed url   auth: null,
43 verbose parsed url   host: null,
43 verbose parsed url   port: null,
43 verbose parsed url   hostname: null,
43 verbose parsed url   hash: null,
43 verbose parsed url   search: null,
43 verbose parsed url   query: null,
43 verbose parsed url   pathname: 'bower@^1.3.3',
43 verbose parsed url   path: 'bower@^1.3.3',
43 verbose parsed url   href: 'bower@^1.3.3' }
44 verbose cache add [ 'gulp-util@^2.2.14', null ]
45 verbose cache add name=undefined spec="gulp-util@^2.2.14" args=["gulp-util@^2.2.14",null]
46 verbose parsed url { protocol: null,
46 verbose parsed url   slashes: null,
46 verbose parsed url   auth: null,
46 verbose parsed url   host: null,
46 verbose parsed url   port: null,
46 verbose parsed url   hostname: null,
46 verbose parsed url   hash: null,
46 verbose parsed url   search: null,
46 verbose parsed url   query: null,
46 verbose parsed url   pathname: 'gulp-util@^2.2.14',
46 verbose parsed url   path: 'gulp-util@^2.2.14',
46 verbose parsed url   href: 'gulp-util@^2.2.14' }
47 silly lockFile 28ac0b1b-gulp-3-5-6 gulp@^3.5.6
48 verbose lock gulp@^3.5.6 /Users/ariel-ianfajardo/.npm/28ac0b1b-gulp-3-5-6.lock
49 silly lockFile 77100620-gulp-sass-0-7-1 gulp-sass@^0.7.1
50 verbose lock gulp-sass@^0.7.1 /Users/ariel-ianfajardo/.npm/77100620-gulp-sass-0-7-1.lock
51 silly lockFile bade1119-gulp-concat-2-2-0 gulp-concat@^2.2.0
52 verbose lock gulp-concat@^2.2.0 /Users/ariel-ianfajardo/.npm/bade1119-gulp-concat-2-2-0.lock
53 silly lockFile 97140670-gulp-minify-css-0-3-0 gulp-minify-css@^0.3.0
54 verbose lock gulp-minify-css@^0.3.0 /Users/ariel-ianfajardo/.npm/97140670-gulp-minify-css-0-3-0.lock
55 verbose cache add name="gulp-rename" spec="^1.2.0" args=["gulp-rename","^1.2.0"]
56 verbose parsed url { protocol: null,
56 verbose parsed url   slashes: null,
56 verbose parsed url   auth: null,
56 verbose parsed url   host: null,
56 verbose parsed url   port: null,
56 verbose parsed url   hostname: null,
56 verbose parsed url   hash: null,
56 verbose parsed url   search: null,
56 verbose parsed url   query: null,
56 verbose parsed url   pathname: '^1.2.0',
56 verbose parsed url   path: '^1.2.0',
56 verbose parsed url   href: '^1.2.0' }
57 verbose addNamed [ 'gulp-rename', '^1.2.0' ]
58 verbose addNamed [ null, '>=1.2.0-0 <2.0.0-0' ]
59 silly lockFile 31cef36d-gulp-rename-1-2-0 gulp-rename@^1.2.0
60 verbose lock gulp-rename@^1.2.0 /Users/ariel-ianfajardo/.npm/31cef36d-gulp-rename-1-2-0.lock
61 verbose cache add name="bower" spec="^1.3.3" args=["bower","^1.3.3"]
62 verbose parsed url { protocol: null,
62 verbose parsed url   slashes: null,
62 verbose parsed url   auth: null,
62 verbose parsed url   host: null,
62 verbose parsed url   port: null,
62 verbose parsed url   hostname: null,
62 verbose parsed url   hash: null,
62 verbose parsed url   search: null,
62 verbose parsed url   query: null,
62 verbose parsed url   pathname: '^1.3.3',
62 verbose parsed url   path: '^1.3.3',
62 verbose parsed url   href: '^1.3.3' }
63 verbose addNamed [ 'bower', '^1.3.3' ]
64 verbose addNamed [ null, '>=1.3.3-0 <2.0.0-0' ]
65 silly lockFile 0aa5c27e-bower-1-3-3 bower@^1.3.3
66 verbose lock bower@^1.3.3 /Users/ariel-ianfajardo/.npm/0aa5c27e-bower-1-3-3.lock
67 verbose cache add name="gulp-util" spec="^2.2.14" args=["gulp-util","^2.2.14"]
68 verbose parsed url { protocol: null,
68 verbose parsed url   slashes: null,
68 verbose parsed url   auth: null,
68 verbose parsed url   host: null,
68 verbose parsed url   port: null,
68 verbose parsed url   hostname: null,
68 verbose parsed url   hash: null,
68 verbose parsed url   search: null,
68 verbose parsed url   query: null,
68 verbose parsed url   pathname: '^2.2.14',
68 verbose parsed url   path: '^2.2.14',
68 verbose parsed url   href: '^2.2.14' }
69 verbose addNamed [ 'gulp-util', '^2.2.14' ]
70 verbose addNamed [ null, '>=2.2.14-0 <3.0.0-0' ]
71 silly lockFile e3e5f16b-gulp-util-2-2-14 gulp-util@^2.2.14
72 verbose lock gulp-util@^2.2.14 /Users/ariel-ianfajardo/.npm/e3e5f16b-gulp-util-2-2-14.lock
73 verbose cache add [ 'shelljs@^0.3.0', null ]
74 verbose cache add name=undefined spec="shelljs@^0.3.0" args=["shelljs@^0.3.0",null]
75 verbose parsed url { protocol: null,
75 verbose parsed url   slashes: null,
75 verbose parsed url   auth: null,
75 verbose parsed url   host: null,
75 verbose parsed url   port: null,
75 verbose parsed url   hostname: null,
75 verbose parsed url   hash: null,
75 verbose parsed url   search: null,
75 verbose parsed url   query: null,
75 verbose parsed url   pathname: 'shelljs@^0.3.0',
75 verbose parsed url   path: 'shelljs@^0.3.0',
75 verbose parsed url   href: 'shelljs@^0.3.0' }
76 verbose cache add name="shelljs" spec="^0.3.0" args=["shelljs","^0.3.0"]
77 verbose parsed url { protocol: null,
77 verbose parsed url   slashes: null,
77 verbose parsed url   auth: null,
77 verbose parsed url   host: null,
77 verbose parsed url   port: null,
77 verbose parsed url   hostname: null,
77 verbose parsed url   hash: null,
77 verbose parsed url   search: null,
77 verbose parsed url   query: null,
77 verbose parsed url   pathname: '^0.3.0',
77 verbose parsed url   path: '^0.3.0',
77 verbose parsed url   href: '^0.3.0' }
78 verbose addNamed [ 'shelljs', '^0.3.0' ]
79 verbose addNamed [ null, '>=0.3.0-0 <0.4.0-0' ]
80 silly lockFile 1ddaa962-shelljs-0-3-0 shelljs@^0.3.0
81 verbose lock shelljs@^0.3.0 /Users/ariel-ianfajardo/.npm/1ddaa962-shelljs-0-3-0.lock
82 silly addNameRange { name: 'gulp', range: '>=3.5.6-0 <4.0.0-0', hasData: false }
83 silly addNameRange { name: 'gulp-sass',
83 silly addNameRange   range: '>=0.7.1-0 <0.8.0-0',
83 silly addNameRange   hasData: false }
84 silly addNameRange { name: 'gulp-concat',
84 silly addNameRange   range: '>=2.2.0-0 <3.0.0-0',
84 silly addNameRange   hasData: false }
85 silly addNameRange { name: 'gulp-minify-css',
85 silly addNameRange   range: '>=0.3.0-0 <0.4.0-0',
85 silly addNameRange   hasData: false }
86 silly addNameRange { name: 'gulp-rename',
86 silly addNameRange   range: '>=1.2.0-0 <2.0.0-0',
86 silly addNameRange   hasData: false }
87 silly addNameRange { name: 'bower', range: '>=1.3.3-0 <2.0.0-0', hasData: false }
88 silly addNameRange { name: 'gulp-util',
88 silly addNameRange   range: '>=2.2.14-0 <3.0.0-0',
88 silly addNameRange   hasData: false }
89 silly addNameRange { name: 'shelljs', range: '>=0.3.0-0 <0.4.0-0', hasData: false }
90 verbose registry.get https://registry.npmjs.org/gulp not expired, no request
91 silly addNameRange number 2 { name: 'gulp', range: '>=3.5.6-0 <4.0.0-0', hasData: true }
92 silly addNameRange versions [ 'gulp',
92 silly addNameRange   [ '0.0.1',
92 silly addNameRange     '0.0.2',
92 silly addNameRange     '0.0.3',
92 silly addNameRange     '0.0.4',
92 silly addNameRange     '0.0.5',
92 silly addNameRange     '0.0.7',
92 silly addNameRange     '0.0.8',
92 silly addNameRange     '0.0.9',
92 silly addNameRange     '0.1.0',
92 silly addNameRange     '0.2.0',
92 silly addNameRange     '1.0.0',
92 silly addNameRange     '1.1.0',
92 silly addNameRange     '1.2.0',
92 silly addNameRange     '1.2.1',
92 silly addNameRange     '2.0.0',
92 silly addNameRange     '2.0.1',
92 silly addNameRange     '2.1.0',
92 silly addNameRange     '2.2.0',
92 silly addNameRange     '2.3.0',
92 silly addNameRange     '2.4.0',
92 silly addNameRange     '2.4.1',
92 silly addNameRange     '2.6.0',
92 silly addNameRange     '2.6.1',
92 silly addNameRange     '2.7.0',
92 silly addNameRange     '3.0.0',
92 silly addNameRange     '3.1.1',
92 silly addNameRange     '3.1.2',
92 silly addNameRange     '3.1.3',
92 silly addNameRange     '3.1.4',
92 silly addNameRange     '3.2.0',
92 silly addNameRange     '3.2.1',
92 silly addNameRange     '3.2.2',
92 silly addNameRange     '3.2.3',
92 silly addNameRange     '3.2.4',
92 silly addNameRange     '3.2.5',
92 silly addNameRange     '3.3.0',
92 silly addNameRange     '3.3.1',
92 silly addNameRange     '3.3.2',
92 silly addNameRange     '3.3.4',
92 silly addNameRange     '3.4.0',
92 silly addNameRange     '3.5.0',
92 silly addNameRange     '3.5.1',
92 silly addNameRange     '3.5.2',
92 silly addNameRange     '3.5.5',
92 silly addNameRange     '3.5.6',
92 silly addNameRange     '3.6.0',
92 silly addNameRange     '3.6.1',
92 silly addNameRange     '3.6.2',
92 silly addNameRange     '3.7.0',
92 silly addNameRange     '3.8.0',
92 silly addNameRange     '3.8.1',
92 silly addNameRange     '3.8.2',
92 silly addNameRange     '3.8.3',
92 silly addNameRange     '3.8.4',
92 silly addNameRange     '3.8.5',
92 silly addNameRange     '3.8.6',
92 silly addNameRange     '3.8.7',
92 silly addNameRange     '3.8.8',
92 silly addNameRange     '3.8.9',
92 silly addNameRange     '3.8.10',
92 silly addNameRange     '3.8.11' ] ]
93 verbose addNamed [ 'gulp', '3.8.11' ]
94 verbose addNamed [ '3.8.11', '3.8.11' ]
95 silly lockFile 3d31ec08-gulp-3-8-11 gulp@3.8.11
96 verbose lock gulp@3.8.11 /Users/ariel-ianfajardo/.npm/3d31ec08-gulp-3-8-11.lock
97 verbose registry.get https://registry.npmjs.org/gulp-sass not expired, no request
98 silly addNameRange number 2 { name: 'gulp-sass', range: '>=0.7.1-0 <0.8.0-0', hasData: true }
99 silly addNameRange versions [ 'gulp-sass',
99 silly addNameRange   [ '0.1.0',
99 silly addNameRange     '0.2.1',
99 silly addNameRange     '0.2.2',
99 silly addNameRange     '0.2.3',
99 silly addNameRange     '0.3.0',
99 silly addNameRange     '0.4.0',
99 silly addNameRange     '0.4.1',
99 silly addNameRange     '0.5.0',
99 silly addNameRange     '0.5.1',
99 silly addNameRange     '0.5.2',
99 silly addNameRange     '0.6.0',
99 silly addNameRange     '0.7.0',
99 silly addNameRange     '0.7.1',
99 silly addNameRange     '0.7.2',
99 silly addNameRange     '0.7.3',
99 silly addNameRange     '1.0.0',
99 silly addNameRange     '1.1.0',
99 silly addNameRange     '1.2.0',
99 silly addNameRange     '1.2.1',
99 silly addNameRange     '1.2.2',
99 silly addNameRange     '1.2.3',
99 silly addNameRange     '1.2.4',
99 silly addNameRange     '1.3.0',
99 silly addNameRange     '1.3.1',
99 silly addNameRange     '1.3.2' ] ]
100 verbose addNamed [ 'gulp-sass', '0.7.3' ]
101 verbose addNamed [ '0.7.3', '0.7.3' ]
102 silly lockFile 721f0c96-gulp-sass-0-7-3 gulp-sass@0.7.3
103 verbose lock gulp-sass@0.7.3 /Users/ariel-ianfajardo/.npm/721f0c96-gulp-sass-0-7-3.lock
104 verbose registry.get https://registry.npmjs.org/gulp-concat not expired, no request
105 silly addNameRange number 2 { name: 'gulp-concat',
105 silly addNameRange   range: '>=2.2.0-0 <3.0.0-0',
105 silly addNameRange   hasData: true }
106 silly addNameRange versions [ 'gulp-concat',
106 silly addNameRange   [ '0.0.1',
106 silly addNameRange     '1.0.0',
106 silly addNameRange     '1.1.0',
106 silly addNameRange     '2.0.0',
106 silly addNameRange     '2.1.0',
106 silly addNameRange     '2.1.1',
106 silly addNameRange     '2.1.2',
106 silly addNameRange     '2.1.3',
106 silly addNameRange     '2.1.4',
106 silly addNameRange     '2.1.5',
106 silly addNameRange     '2.1.6',
106 silly addNameRange     '2.1.7',
106 silly addNameRange     '2.2.0',
106 silly addNameRange     '2.3.0',
106 silly addNameRange     '2.3.3',
106 silly addNameRange     '2.3.4',
106 silly addNameRange     '2.3.5',
106 silly addNameRange     '2.4.0',
106 silly addNameRange     '2.4.1',
106 silly addNameRange     '2.4.2',
106 silly addNameRange     '2.4.3' ] ]
107 verbose addNamed [ 'gulp-concat', '2.4.3' ]
108 verbose addNamed [ '2.4.3', '2.4.3' ]
109 silly lockFile 07935a45-gulp-concat-2-4-3 gulp-concat@2.4.3
110 verbose lock gulp-concat@2.4.3 /Users/ariel-ianfajardo/.npm/07935a45-gulp-concat-2-4-3.lock
111 verbose registry.get https://registry.npmjs.org/gulp-minify-css not expired, no request
112 silly addNameRange number 2 { name: 'gulp-minify-css',
112 silly addNameRange   range: '>=0.3.0-0 <0.4.0-0',
112 silly addNameRange   hasData: true }
113 silly addNameRange versions [ 'gulp-minify-css',
113 silly addNameRange   [ '0.0.1',
113 silly addNameRange     '0.1.0',
113 silly addNameRange     '0.2.0',
113 silly addNameRange     '0.3.0',
113 silly addNameRange     '0.3.1',
113 silly addNameRange     '0.3.2',
113 silly addNameRange     '0.3.3',
113 silly addNameRange     '0.3.4',
113 silly addNameRange     '0.3.5',
113 silly addNameRange     '0.3.6',
113 silly addNameRange     '0.3.7',
113 silly addNameRange     '0.3.8',
113 silly addNameRange     '0.3.9',
113 silly addNameRange     '0.3.10',
113 silly addNameRange     '0.3.11',
113 silly addNameRange     '0.3.12',
113 silly addNameRange     '0.3.13',
113 silly addNameRange     '0.4.0',
113 silly addNameRange     '0.4.1',
113 silly addNameRange     '0.4.2',
113 silly addNameRange     '0.4.3',
113 silly addNameRange     '0.4.4',
113 silly addNameRange     '0.4.5' ] ]
114 verbose addNamed [ 'gulp-minify-css', '0.3.13' ]
115 verbose addNamed [ '0.3.13', '0.3.13' ]
116 silly lockFile 9038a954-gulp-minify-css-0-3-13 gulp-minify-css@0.3.13
117 verbose lock gulp-minify-css@0.3.13 /Users/ariel-ianfajardo/.npm/9038a954-gulp-minify-css-0-3-13.lock
118 verbose registry.get https://registry.npmjs.org/gulp-rename not expired, no request
119 silly addNameRange number 2 { name: 'gulp-rename',
119 silly addNameRange   range: '>=1.2.0-0 <2.0.0-0',
119 silly addNameRange   hasData: true }
120 silly addNameRange versions [ 'gulp-rename',
120 silly addNameRange   [ '0.1.0', '0.2.1', '0.2.2', '1.0.0', '1.1.0', '1.2.0' ] ]
121 verbose addNamed [ 'gulp-rename', '1.2.0' ]
122 verbose addNamed [ '1.2.0', '1.2.0' ]
123 silly lockFile 5981c611-gulp-rename-1-2-0 gulp-rename@1.2.0
124 verbose lock gulp-rename@1.2.0 /Users/ariel-ianfajardo/.npm/5981c611-gulp-rename-1-2-0.lock
125 verbose registry.get https://registry.npmjs.org/gulp-util not expired, no request
126 silly addNameRange number 2 { name: 'gulp-util',
126 silly addNameRange   range: '>=2.2.14-0 <3.0.0-0',
126 silly addNameRange   hasData: true }
127 silly addNameRange versions [ 'gulp-util',
127 silly addNameRange   [ '0.0.1',
127 silly addNameRange     '1.0.0',
127 silly addNameRange     '1.1.0',
127 silly addNameRange     '1.1.1',
127 silly addNameRange     '1.2.0',
127 silly addNameRange     '1.3.0',
127 silly addNameRange     '2.0.0',
127 silly addNameRange     '2.1.1',
127 silly addNameRange     '2.1.2',
127 silly addNameRange     '2.1.3',
127 silly addNameRange     '2.1.4',
127 silly addNameRange     '2.2.0',
127 silly addNameRange     '2.2.1',
127 silly addNameRange     '2.2.2',
127 silly addNameRange     '2.2.3',
127 silly addNameRange     '2.2.5',
127 silly addNameRange     '2.2.6',
127 silly addNameRange     '2.2.7',
127 silly addNameRange     '2.2.8',
127 silly addNameRange     '2.2.9',
127 silly addNameRange     '2.2.10',
127 silly addNameRange     '2.2.11',
127 silly addNameRange     '2.2.12',
127 silly addNameRange     '2.2.13',
127 silly addNameRange     '2.2.14',
127 silly addNameRange     '2.2.15',
127 silly addNameRange     '2.2.16',
127 silly addNameRange     '2.2.17',
127 silly addNameRange     '2.2.18',
127 silly addNameRange     '2.2.19',
127 silly addNameRange     '2.2.20',
127 silly addNameRange     '3.0.0',
127 silly addNameRange     '3.0.1',
127 silly addNameRange     '3.0.2',
127 silly addNameRange     '3.0.3' ] ]
128 verbose addNamed [ 'gulp-util', '2.2.20' ]
129 verbose addNamed [ '2.2.20', '2.2.20' ]
130 silly lockFile 48c194cb-gulp-util-2-2-20 gulp-util@2.2.20
131 verbose lock gulp-util@2.2.20 /Users/ariel-ianfajardo/.npm/48c194cb-gulp-util-2-2-20.lock
132 verbose registry.get https://registry.npmjs.org/bower not expired, no request
133 silly addNameRange number 2 { name: 'bower', range: '>=1.3.3-0 <2.0.0-0', hasData: true }
134 silly addNameRange versions [ 'bower',
134 silly addNameRange   [ '0.1.0',
134 silly addNameRange     '0.1.2',
134 silly addNameRange     '0.1.3',
134 silly addNameRange     '0.2.0',
134 silly addNameRange     '0.3.0',
134 silly addNameRange     '0.3.1',
134 silly addNameRange     '0.3.2',
134 silly addNameRange     '0.4.0',
134 silly addNameRange     '0.5.0',
134 silly addNameRange     '0.5.1',
134 silly addNameRange     '0.6.0',
134 silly addNameRange     '0.6.1',
134 silly addNameRange     '0.6.2',
134 silly addNameRange     '0.6.3',
134 silly addNameRange     '0.6.4',
134 silly addNameRange     '0.6.5',
134 silly addNameRange     '0.6.6',
134 silly addNameRange     '0.6.7',
134 silly addNameRange     '0.6.8',
134 silly addNameRange     '0.7.0',
134 silly addNameRange     '0.7.1',
134 silly addNameRange     '0.8.0',
134 silly addNameRange     '0.8.1',
134 silly addNameRange     '0.8.2',
134 silly addNameRange     '0.8.3',
134 silly addNameRange     '0.8.4',
134 silly addNameRange     '0.8.5',
134 silly addNameRange     '0.8.6',
134 silly addNameRange     '0.9.0',
134 silly addNameRange     '0.9.1',
134 silly addNameRange     '0.9.2',
134 silly addNameRange     '0.10.0',
134 silly addNameRange     '1.0.0',
134 silly addNameRange     '1.0.1',
134 silly addNameRange     '1.0.2',
134 silly addNameRange     '1.0.3',
134 silly addNameRange     '1.1.0',
134 silly addNameRange     '1.1.1',
134 silly addNameRange     '1.1.2',
134 silly addNameRange     '1.2.0',
134 silly addNameRange     '1.2.1',
134 silly addNameRange     '1.2.2',
134 silly addNameRange     '1.2.3',
134 silly addNameRange     '1.2.4',
134 silly addNameRange     '1.2.5',
134 silly addNameRange     '1.2.6',
134 silly addNameRange     '1.2.7',
134 silly addNameRange     '1.2.8',
134 silly addNameRange     '1.3.0',
134 silly addNameRange     '1.3.1',
134 silly addNameRange     '1.3.2',
134 silly addNameRange     '1.3.3',
134 silly addNameRange     '1.3.4',
134 silly addNameRange     '1.3.5',
134 silly addNameRange     '1.3.6',
134 silly addNameRange     '1.3.7',
134 silly addNameRange     '1.3.8',
134 silly addNameRange     '1.3.9',
134 silly addNameRange     '1.3.10',
134 silly addNameRange     '1.3.11',
134 silly addNameRange     '1.3.12' ] ]
135 verbose addNamed [ 'bower', '1.3.12' ]
136 verbose addNamed [ '1.3.12', '1.3.12' ]
137 silly lockFile 9819431c-bower-1-3-12 bower@1.3.12
138 verbose lock bower@1.3.12 /Users/ariel-ianfajardo/.npm/9819431c-bower-1-3-12.lock
139 verbose registry.get https://registry.npmjs.org/shelljs not expired, no request
140 silly addNameRange number 2 { name: 'shelljs', range: '>=0.3.0-0 <0.4.0-0', hasData: true }
141 silly addNameRange versions [ 'shelljs',
141 silly addNameRange   [ '0.0.1',
141 silly addNameRange     '0.0.2',
141 silly addNameRange     '0.0.3',
141 silly addNameRange     '0.0.4',
141 silly addNameRange     '0.0.5',
141 silly addNameRange     '0.0.6',
141 silly addNameRange     '0.0.7',
141 silly addNameRange     '0.0.8',
141 silly addNameRange     '0.0.9',
141 silly addNameRange     '0.1.0',
141 silly addNameRange     '0.1.1',
141 silly addNameRange     '0.1.2',
141 silly addNameRange     '0.1.3',
141 silly addNameRange     '0.1.4',
141 silly addNameRange     '0.2.0',
141 silly addNameRange     '0.2.1',
141 silly addNameRange     '0.2.2',
141 silly addNameRange     '0.2.3',
141 silly addNameRange     '0.2.4',
141 silly addNameRange     '0.2.5',
141 silly addNameRange     '0.2.6',
141 silly addNameRange     '0.3.0',
141 silly addNameRange     '0.0.1-alpha1',
141 silly addNameRange     '0.0.2-pre1',
141 silly addNameRange     '0.0.4-pre1',
141 silly addNameRange     '0.0.5-pre1',
141 silly addNameRange     '0.0.5-pre2',
141 silly addNameRange     '0.0.5-pre3',
141 silly addNameRange     '0.0.5-pre4',
141 silly addNameRange     '0.0.6-pre1',
141 silly addNameRange     '0.0.6-pre2' ] ]
142 verbose addNamed [ 'shelljs', '0.3.0' ]
143 verbose addNamed [ '0.3.0', '0.3.0' ]
144 silly lockFile 7d3918b1-shelljs-0-3-0 shelljs@0.3.0
145 verbose lock shelljs@0.3.0 /Users/ariel-ianfajardo/.npm/7d3918b1-shelljs-0-3-0.lock
146 silly lockFile 2528ddbe-y-npmjs-org-gulp-gulp-3-8-11-tgz https://registry.npmjs.org/gulp/-/gulp-3.8.11.tgz
147 verbose lock https://registry.npmjs.org/gulp/-/gulp-3.8.11.tgz /Users/ariel-ianfajardo/.npm/2528ddbe-y-npmjs-org-gulp-gulp-3-8-11-tgz.lock
148 verbose addRemoteTarball [ 'https://registry.npmjs.org/gulp/-/gulp-3.8.11.tgz',
148 verbose addRemoteTarball   'd557e0a7283eb4136491969b0497767972f1d28a' ]
149 silly lockFile 721f0c96-gulp-sass-0-7-3 gulp-sass@0.7.3
150 silly lockFile 721f0c96-gulp-sass-0-7-3 gulp-sass@0.7.3
151 silly lockFile 07935a45-gulp-concat-2-4-3 gulp-concat@2.4.3
152 silly lockFile 07935a45-gulp-concat-2-4-3 gulp-concat@2.4.3
153 silly lockFile 5981c611-gulp-rename-1-2-0 gulp-rename@1.2.0
154 silly lockFile 5981c611-gulp-rename-1-2-0 gulp-rename@1.2.0
155 silly lockFile 9038a954-gulp-minify-css-0-3-13 gulp-minify-css@0.3.13
156 silly lockFile 9038a954-gulp-minify-css-0-3-13 gulp-minify-css@0.3.13
157 silly lockFile 48c194cb-gulp-util-2-2-20 gulp-util@2.2.20
158 silly lockFile 48c194cb-gulp-util-2-2-20 gulp-util@2.2.20
159 silly lockFile 77100620-gulp-sass-0-7-1 gulp-sass@^0.7.1
160 silly lockFile 77100620-gulp-sass-0-7-1 gulp-sass@^0.7.1
161 silly lockFile bade1119-gulp-concat-2-2-0 gulp-concat@^2.2.0
162 silly lockFile bade1119-gulp-concat-2-2-0 gulp-concat@^2.2.0
163 silly lockFile 31cef36d-gulp-rename-1-2-0 gulp-rename@^1.2.0
164 silly lockFile 31cef36d-gulp-rename-1-2-0 gulp-rename@^1.2.0
165 silly lockFile 97140670-gulp-minify-css-0-3-0 gulp-minify-css@^0.3.0
166 silly lockFile 97140670-gulp-minify-css-0-3-0 gulp-minify-css@^0.3.0
167 silly lockFile e3e5f16b-gulp-util-2-2-14 gulp-util@^2.2.14
168 silly lockFile e3e5f16b-gulp-util-2-2-14 gulp-util@^2.2.14
169 silly lockFile 9819431c-bower-1-3-12 bower@1.3.12
170 silly lockFile 9819431c-bower-1-3-12 bower@1.3.12
171 silly lockFile 7d3918b1-shelljs-0-3-0 shelljs@0.3.0
172 silly lockFile 7d3918b1-shelljs-0-3-0 shelljs@0.3.0
173 silly lockFile 0aa5c27e-bower-1-3-3 bower@^1.3.3
174 silly lockFile 0aa5c27e-bower-1-3-3 bower@^1.3.3
175 silly lockFile 1ddaa962-shelljs-0-3-0 shelljs@^0.3.0
176 silly lockFile 1ddaa962-shelljs-0-3-0 shelljs@^0.3.0
177 info retry fetch attempt 1 at 18:42:37
178 verbose fetch to= /var/folders/1z/_3xh30ys113gw29myr457xgc0000gn/T/npm-13958-IB3p6T_j/registry.npmjs.org/gulp/-/gulp-3.8.11.tgz
179 http GET https://registry.npmjs.org/gulp/-/gulp-3.8.11.tgz
180 http 200 https://registry.npmjs.org/gulp/-/gulp-3.8.11.tgz
181 silly lockFile 2528ddbe-y-npmjs-org-gulp-gulp-3-8-11-tgz https://registry.npmjs.org/gulp/-/gulp-3.8.11.tgz
182 silly lockFile 2528ddbe-y-npmjs-org-gulp-gulp-3-8-11-tgz https://registry.npmjs.org/gulp/-/gulp-3.8.11.tgz
183 silly lockFile 3d31ec08-gulp-3-8-11 gulp@3.8.11
184 silly lockFile 3d31ec08-gulp-3-8-11 gulp@3.8.11
185 silly lockFile 28ac0b1b-gulp-3-5-6 gulp@^3.5.6
186 silly lockFile 28ac0b1b-gulp-3-5-6 gulp@^3.5.6
187 error Error: EACCES, mkdir '/Users/ariel-ianfajardo/.npm/gulp/3.8.11'
187 error  { [Error: EACCES, mkdir '/Users/ariel-ianfajardo/.npm/gulp/3.8.11']
187 error   errno: 3,
187 error   code: 'EACCES',
187 error   path: '/Users/ariel-ianfajardo/.npm/gulp/3.8.11',
187 error   parent: 'todo' }
188 error Please try running this command again as root/Administrator.
189 error System Darwin 14.1.0
190 error command "node" "/usr/local/bin/npm" "install"
191 error cwd /Users/ariel-ianfajardo/Documents/ionic/tutorials/todo/scss
192 error node -v v0.10.34
193 error npm -v 1.4.28
194 error path /Users/ariel-ianfajardo/.npm/gulp/3.8.11
195 error code EACCES
196 error errno 3
197 error stack Error: EACCES, mkdir '/Users/ariel-ianfajardo/.npm/gulp/3.8.11'
198 verbose exit [ 3, true ]
